
ROM used: 202 (10%)
          202 (10%) including unused fragments

          1 Average locations per line
          5 Average locations per statement

RAM used: 15 (7%) at main() level
          16 (7%) worst case

Stack used: 2 worst case (out of 8 total available)

Lines Stmts  %   Files
----- ----- ---  -----
   84    44 100  main.c
  222     0   0  C:\Program Files (x86)\PICC\devices\16f628a.h
----- -----
  306    44 Total

Page ROM  %  RAM   Vol Diff  Functions:
---- --- --- ---   --- ----  ----------
0     21  10   1             @delay_ms1
0     14   7   0   145  2.6  int_rb0_isr
0     70  35   0   641  4.3  int_t1_isr
0     44  22   0   188  1.8  MAIN

Program metrics:
    Functions               3
    Statements              44
    Comments                69
    Volume (V)              1227
    Difficilty (D)          8.7
    Effort to implement (E) 10729
    Time to implement (T)   10 minutes
    Est Delivered Bugs (B)  0
    Cyclomatic Complexity   5
    Maintainability (MI)    141

 Segment     Used  Free
-----------  ----  ----
00000-00003     4  0  
00004-00034    49  0  
00035-007FF   149  1846  



